<?xml version="1.0" encoding="UTF-8"?>
<!-- Generated by org.testng.reporters.JUnitReportReporter -->
<testsuite hostname="DESKTOP-QBFP0JU" name="com.MyTests.LoginTest" tests="3" failures="0" timestamp="7 Mar 2021 07:06:51 GMT" time="135.625" errors="0">
  <testcase name="doLoginTest" time="41.460" classname="com.MyTests.LoginTest"/>
  <testcase name="verifyLoginPageTitleTest" time="58.556" classname="com.MyTests.LoginTest"/>
  <testcase name="verifyLoginPageHeaderTest" time="35.609" classname="com.MyTests.LoginTest"/>
</testsuite> <!-- com.MyTests.LoginTest -->
