<?xml version="1.0" encoding="UTF-8"?>
<!-- Generated by org.testng.reporters.JUnitReportReporter -->
<testsuite skipped="0" hostname="DESKTOP-QBFP0JU" name="com.MyTests.LoginTest" tests="6" failures="0" timestamp="08 Mar 2021 08:01:03 GMT" time="342.458" errors="0">
  <testcase name="verifyLoginPageTitleTest" time="43.220" classname="com.MyTests.LoginTest"/>
  <testcase name="verifyLoginPageTitleTest" time="76.164" classname="com.MyTests.LoginTest"/>
  <testcase name="verifyLoginPageHeaderTest" time="34.674" classname="com.MyTests.LoginTest"/>
  <testcase name="verifyLoginPageHeaderTest" time="26.161" classname="com.MyTests.LoginTest"/>
  <testcase name="doLoginTest" time="109.122" classname="com.MyTests.LoginTest"/>
  <testcase name="doLoginTest" time="53.117" classname="com.MyTests.LoginTest"/>
</testsuite> <!-- com.MyTests.LoginTest -->
